<?xml version="1.0" encoding="UTF-8"?>
<robot generator="Robot 3.2.2 (Python 3.8.3 on darwin)" generated="20220620 08:20:55.541" rpa="false">
<suite id="s1" name="userRegistration" source="/Users/kduque/Desktop/KarenGit/Hexacta/specs/userRegistration.robot">
<test id="s1-t1" name="Correct user registration">
<kw name="Given the casino page is open">
<kw name="Given I am in casino page" library="casino-facade">
<kw name="Open Browser" library="Selenium2Library">
<doc>Opens a new browser instance to the optional ``url``.</doc>
<arguments>
<arg>${URL_proyecto}</arg>
<arg>chrome</arg>
</arguments>
<msg timestamp="20220620 08:20:55.773" level="INFO">Opening browser 'chrome' to base url 'https://demo.casino/'.</msg>
<kw name="Capture Page Screenshot" library="Selenium2Library">
<doc>Takes a screenshot of the current page and embeds it into a log file.</doc>
<msg timestamp="20220620 08:20:58.526" level="INFO">Cannot capture screenshot because no browser is open.</msg>
<status status="PASS" starttime="20220620 08:20:58.526" endtime="20220620 08:20:58.526"></status>
</kw>
<msg timestamp="20220620 08:20:58.533" level="FAIL">SessionNotCreatedException: Message: session not created: This version of ChromeDriver only supports Chrome version 88
Current browser version is 102.0.5005.115 with binary path /Applications/Google Chrome.app/Contents/MacOS/Google Chrome
</msg>
<status status="FAIL" starttime="20220620 08:20:55.773" endtime="20220620 08:20:58.533"></status>
</kw>
<status status="FAIL" starttime="20220620 08:20:55.772" endtime="20220620 08:20:58.534"></status>
</kw>
<status status="FAIL" starttime="20220620 08:20:55.772" endtime="20220620 08:20:58.534"></status>
</kw>
<status status="FAIL" starttime="20220620 08:20:55.771" endtime="20220620 08:20:58.534" critical="yes">SessionNotCreatedException: Message: session not created: This version of ChromeDriver only supports Chrome version 88
Current browser version is 102.0.5005.115 with binary path /Applications/Google Chrome.app/Contents/MacOS/Google Chrome
</status>
</test>
<test id="s1-t2" name="Incorrect user registration without Code">
<kw name="Given the casino page is open">
<kw name="Given I am in casino page" library="casino-facade">
<kw name="Open Browser" library="Selenium2Library">
<doc>Opens a new browser instance to the optional ``url``.</doc>
<arguments>
<arg>${URL_proyecto}</arg>
<arg>chrome</arg>
</arguments>
<msg timestamp="20220620 08:20:58.536" level="INFO">Opening browser 'chrome' to base url 'https://demo.casino/'.</msg>
<kw name="Capture Page Screenshot" library="Selenium2Library">
<doc>Takes a screenshot of the current page and embeds it into a log file.</doc>
<msg timestamp="20220620 08:21:00.936" level="INFO">Cannot capture screenshot because no browser is open.</msg>
<status status="PASS" starttime="20220620 08:21:00.935" endtime="20220620 08:21:00.936"></status>
</kw>
<msg timestamp="20220620 08:21:00.937" level="FAIL">SessionNotCreatedException: Message: session not created: This version of ChromeDriver only supports Chrome version 88
Current browser version is 102.0.5005.115 with binary path /Applications/Google Chrome.app/Contents/MacOS/Google Chrome
</msg>
<status status="FAIL" starttime="20220620 08:20:58.536" endtime="20220620 08:21:00.937"></status>
</kw>
<status status="FAIL" starttime="20220620 08:20:58.536" endtime="20220620 08:21:00.937"></status>
</kw>
<status status="FAIL" starttime="20220620 08:20:58.535" endtime="20220620 08:21:00.937"></status>
</kw>
<status status="FAIL" starttime="20220620 08:20:58.535" endtime="20220620 08:21:00.937" critical="yes">SessionNotCreatedException: Message: session not created: This version of ChromeDriver only supports Chrome version 88
Current browser version is 102.0.5005.115 with binary path /Applications/Google Chrome.app/Contents/MacOS/Google Chrome
</status>
</test>
<status status="FAIL" starttime="20220620 08:20:55.543" endtime="20220620 08:21:00.938"></status>
</suite>
<statistics>
<total>
<stat pass="0" fail="2">Critical Tests</stat>
<stat pass="0" fail="2">All Tests</stat>
</total>
<tag>
</tag>
<suite>
<stat pass="0" fail="2" id="s1" name="userRegistration">userRegistration</stat>
</suite>
</statistics>
<errors>
</errors>
</robot>
